0:0:0:0:0:0:0:1 -  -  [15/08/2010:12:10:59 +0000] "GET / HTTP/1.1" 404 798 
0:0:0:0:0:0:0:1 -  -  [15/08/2010:12:10:59 +0000] "GET /favicon.ico HTTP/1.1" 200 1150 
0:0:0:0:0:0:0:1 -  -  [15/08/2010:12:11:01 +0000] "GET /solr HTTP/1.1" 302 0 
0:0:0:0:0:0:0:1 -  -  [15/08/2010:12:11:01 +0000] "GET /solr/ HTTP/1.1" 200 444 
0:0:0:0:0:0:0:1 -  -  [15/08/2010:12:11:02 +0000] "GET /solr/solr-admin.css HTTP/1.1" 404 1396 
0:0:0:0:0:0:0:1 -  -  [15/08/2010:12:11:02 +0000] "GET /solr/admin/solr_small.png HTTP/1.1" 200 7926 
0:0:0:0:0:0:0:1 -  -  [15/08/2010:12:11:02 +0000] "GET /solr/favicon.ico HTTP/1.1" 200 1146 
0:0:0:0:0:0:0:1 -  -  [15/08/2010:12:11:02 +0000] "GET /favicon.ico HTTP/1.1" 200 1150 
0:0:0:0:0:0:0:1 -  -  [15/08/2010:12:11:02 +0000] "GET /solr/favicon.ico HTTP/1.1" 200 1146 
0:0:0:0:0:0:0:1 -  -  [15/08/2010:12:11:02 +0000] "GET /solr/favicon.ico HTTP/1.1" 200 1146 
0:0:0:0:0:0:0:1 -  -  [15/08/2010:12:11:03 +0000] "GET /solr/admin/ HTTP/1.1" 200 3754 
0:0:0:0:0:0:0:1 -  -  [15/08/2010:12:11:03 +0000] "GET /solr/admin/solr-admin.css HTTP/1.1" 200 3846 
0:0:0:0:0:0:0:1 -  -  [15/08/2010:12:11:03 +0000] "GET /solr/admin/solr_small.png HTTP/1.1" 200 7926 
0:0:0:0:0:0:0:1 -  -  [15/08/2010:12:11:03 +0000] "GET /solr/admin/favicon.ico HTTP/1.1" 200 1146 
0:0:0:0:0:0:0:1 -  -  [15/08/2010:12:11:06 +0000] "GET /solr/admin/favicon.ico HTTP/1.1" 200 1146 
0:0:0:0:0:0:0:1 -  -  [15/08/2010:12:11:06 +0000] "GET /solr/admin/favicon.ico HTTP/1.1" 200 1146 
0:0:0:0:0:0:0:1 -  -  [15/08/2010:13:43:53 +0000] "GET / HTTP/1.1" 404 778 
0:0:0:0:0:0:0:1 -  -  [15/08/2010:13:43:53 +0000] "GET /favicon.ico HTTP/1.1" 200 1150 
0:0:0:0:0:0:0:1 -  -  [15/08/2010:13:43:57 +0000] "GET /solr HTTP/1.1" 302 0 
0:0:0:0:0:0:0:1 -  -  [15/08/2010:13:43:57 +0000] "GET /solr/ HTTP/1.1" 200 444 
0:0:0:0:0:0:0:1 -  -  [15/08/2010:13:43:57 +0000] "GET /solr/solr-admin.css HTTP/1.1" 404 1396 
0:0:0:0:0:0:0:1 -  -  [15/08/2010:13:43:57 +0000] "GET /solr/admin/solr_small.png HTTP/1.1" 200 7926 
0:0:0:0:0:0:0:1 -  -  [15/08/2010:13:43:57 +0000] "GET /solr/favicon.ico HTTP/1.1" 200 1146 
0:0:0:0:0:0:0:1 -  -  [15/08/2010:13:43:58 +0000] "GET /solr/admin/ HTTP/1.1" 200 3734 
0:0:0:0:0:0:0:1 -  -  [15/08/2010:13:43:59 +0000] "GET /solr/admin/solr-admin.css HTTP/1.1" 200 3846 
0:0:0:0:0:0:0:1 -  -  [15/08/2010:13:43:59 +0000] "GET /solr/admin/solr_small.png HTTP/1.1" 200 7926 
0:0:0:0:0:0:0:1 -  -  [15/08/2010:13:43:59 +0000] "GET /solr/admin/favicon.ico HTTP/1.1" 200 1146 
